games/android-game-2026-03-20/app/build/outputs/mapping/release/seeds.txt
com.neonbreaker.game.MainActivity
com.neonbreaker.game.game.BrickType: com.neonbreaker.game.game.BrickType valueOf(java.lang.String)
com.neonbreaker.game.game.GamePhase: com.neonbreaker.game.game.GamePhase[] values()
com.neonbreaker.game.game.BrickType: com.neonbreaker.game.game.BrickType[] values()
com.neonbreaker.game.MainActivity: MainActivity()
com.neonbreaker.game.game.GamePhase: com.neonbreaker.game.game.GamePhase valueOf(java.lang.String)
com.neonbreaker.game.game.PowerUpType: com.neonbreaker.game.game.PowerUpType valueOf(java.lang.String)
com.neonbreaker.game.game.PowerUpType: com.neonbreaker.game.game.PowerUpType[] values()
...
kotlinx.coroutines.EventLoopImplBase: int _isCompleted
kotlinx.coroutines.internal.LockFreeTaskQueueCore: java.lang.Object _next
kotlinx.coroutines.channels.BufferedChannel: long bufferEnd
kotlinx.coroutines.sync.SemaphoreImpl: java.lang.Object head
androidx.concurrent.futures.AbstractResolvableFuture: androidx.concurrent.futures.AbstractResolvableFuture$Waiter waiters
kotlinx.coroutines.JobSupport: java.lang.Object _parentHandle
kotlin.coroutines.SafeContinuation: java.lang.Object result
kotlinx.coroutines.JobSupport$Finishing: java.lang.Object _rootCause
kotlinx.coroutines.channels.BufferedChannel: java.lang.Object bufferEndSegment
androidx.activity.result.ActivityResult: android.os.Parcelable$Creator CREATOR
kotlinx.coroutines.android.HandlerDispatcherKt: android.view.Choreographer choreographer
androidx.lifecycle.ReportFragment$LifecycleCallbacks: androidx.lifecycle.ReportFragment$LifecycleCallbacks$Companion Companion
kotlinx.coroutines.EventLoopImplBase: java.lang.Object _queue
androidx.lifecycle.Lifecycle$Event: androidx.lifecycle.Lifecycle$Event ON_CREATE
kotlinx.coroutines.sync.SemaphoreImpl: long enqIdx
kotlinx.coroutines.scheduling.WorkQueue: int consumerIndex
kotlinx.coroutines.DispatchedCoroutine: int _decision
kotlinx.coroutines.EventLoopImplBase$DelayedTask: java.lang.Object _heap
kotlinx.coroutines.sync.SemaphoreImpl: java.lang.Object tail
kotlinx.coroutines.internal.Segment: int cleanedAndPointers
kotlinx.coroutines.flow.StateFlowImpl: java.lang.Object _state
kotlinx.coroutines.InvokeOnCancelling: int _invoked
kotlinx.coroutines.internal.LockFreeTaskQueueCore: long _state
kotlinx.coroutines.JobSupport$Finishing: int _isCompleting
androidx.concurrent.futures.AbstractResolvableFuture: java.lang.Object value
androidx.lifecycle.Lifecycle$Event: androidx.lifecycle.Lifecycle$Event ON_START
androidx.lifecycle.Lifecycle$Event: androidx.lifecycle.Lifecycle$Event[] $VALUES
androidx.versionedparcelable.ParcelImpl: android.os.Parcelable$Creator CREATOR
kotlinx.coroutines.EventLoopImplBase: java.lang.Object _delayed
kotlinx.coroutines.scheduling.CoroutineScheduler: long controlState
androidx.lifecycle.ProcessLifecycleOwner$attach$1: androidx.lifecycle.ProcessLifecycleOwner this$0
kotlinx.coroutines.scheduling.WorkQueue: int producerIndex
kotlinx.coroutines.channels.BufferedChannel: long sendersAndCloseStatus
kotlinx.coroutines.android.AndroidExceptionPreHandler: java.lang.Object _preHandler
kotlinx.coroutines.scheduling.CoroutineScheduler: int _isTerminated
kotlinx.coroutines.internal.LockFreeLinkedListNode: java.lang.Object _prev
kotlin.SafePublicationLazyImpl: java.lang.Object _value
androidx.lifecycle.Lifecycle$Event: androidx.lifecycle.Lifecycle$Event ON_STOP
kotlinx.coroutines.DefaultExecutor: java.lang.Thread _thread
androidx.lifecycle.Lifecycle$Event: androidx.lifecycle.Lifecycle$Event ON_DESTROY
kotlinx.coroutines.scheduling.CoroutineScheduler$Worker: int indexInArray
kotlinx.coroutines.scheduling.WorkQueue: int blockingTasksInBuffer
kotlinx.coroutines.channels.BufferedChannel: java.lang.Object sendSegment
kotlinx.coroutines.internal.DispatchedContinuation: java.lang.Object _reusableCancellableContinuation
kotlinx.coroutines.JobSupport$Finishing: java.lang.Object _exceptionsHolder
kotlinx.coroutines.channels.BufferedChannel: java.lang.Object _closeCause
kotlinx.coroutines.UndispatchedCoroutine: boolean threadLocalIsSet
kotlinx.coroutines.sync.MutexImpl: java.lang.Object owner
kotlinx.coroutines.sync.SemaphoreImpl: int _availablePermits
kotlinx.coroutines.CompletedExceptionally: int _handled
androidx.lifecycle.ProcessLifecycleOwner$attach$1$onActivityPreCreated$1: androidx.lifecycle.ProcessLifecycleOwner this$0
kotlinx.coroutines.internal.ConcurrentLinkedListNode: java.lang.Object _prev
kotlinx.coroutines.internal.LockFreeLinkedListNode: java.lang.Object _next
kotlinx.coroutines.internal.LimitedDispatcher: int runningWorkers
androidx.lifecycle.Lifecycle$Event: androidx.lifecycle.Lifecycle$Event ON_ANY