games/android-game-2026-03-20/app/build/outputs/mapping/release/mapping.txt
# compiler: R8
# compiler_version: 8.2.47
# min_api: 24
# common_typos_disable
# {"id":"com.android.tools.r8.mapping","version":"2.2"}
# pg_map_id: 6000edf
# pg_map_hash: SHA-256 6000edf56457b6efb0f5778300df17681ee20becfc7d567f688e8fc302c0ed1e
com.neonbreaker.game.ComposableSingletons$MainActivityKt -> h2.b:
# {"id":"sourceFile","fileName":"MainActivity.kt"}
    kotlin.jvm.functions.Function2 lambda-1 -> a
      # {"id":"com.android.tools.r8.residualsignature","signature":"Ly/c;"}
    kotlin.jvm.functions.Function2 lambda-2 -> b
      # {"id":"com.android.tools.r8.residualsignature","signature":"Ly/c;"}
    3:26:androidx.compose.runtime.internal.ComposableLambda androidx.compose.runtime.internal.ComposableLambdaKt.composableLambdaInstance(int,boolean,java.lang.Object):0:0 -> <clinit>
    3:26:void <clinit>():0 -> <clinit>
com.neonbreaker.game.ComposableSingletons$MainActivityKt$lambda-1$1 -> h2.a:
# {"id":"sourceFile","fileName":"MainActivity.kt"}
    int $r8$classId -> g
      # {"id":"com.android.tools.r8.synthesized"}
    com.neonbreaker.game.ComposableSingletons$MainActivityKt$lambda-1$1 INSTANCE -> h
      # {"id":"com.android.tools.r8.residualsignature","signature":"Lh2/a;"}
    com.neonbreaker.game.ComposableSingletons$MainActivityKt$lambda-2$1 com.neonbreaker.game.ComposableSingletons$MainActivityKt$lambda-2$1.INSTANCE -> i
      # {"id":"com.android.tools.r8.residualsignature","signature":"Lh2/a;"}
    1:1:void $r8$clinit$synthetic():0:0 -> <clinit>
      # {"id":"com.android.tools.r8.synthesized"}
    4:7:void com.neonbreaker.game.ComposableSingletons$MainActivityKt$lambda-1$1.<init>():0:0 -> <init>
    4:7:void $r8$init$synthetic(int):0 -> <init>
      # {"id":"com.android.tools.r8.synthesized"}
    15:46:void com.neonbreaker.game.ComposableSingletons$MainActivityKt$lambda-2$1.invoke(androidx.compose.runtime.Composer,int):0:0 -> a
    15:46:void invoke$bridge(androidx.compose.runtime.Composer,int):0 -> a
      # {"id":"com.android.tools.r8.synthesized"}
      # {"id":"com.android.tools.r8.residualsignature","signature":"(Lr/m;I)V"}
com.neonbreaker.game.ComposableSingletons$MainActivityKt$lambda-2$1 -> R8$$REMOVED$$CLASS$$572:
# {"id":"sourceFile","fileName":"MainActivity.kt"}
com.neonbreaker.game.MainActivity -> com.neonbreaker.game.MainActivity:
# {"id":"sourceFile","fileName":"MainActivity.kt"}
    6:9:void androidx.activity.EdgeToEdge.enable$default(androidx.activity.ComponentActivity,androidx.activity.SystemBarStyle,androidx.activity.SystemBarStyle,int,java.lang.Object):0:0 -> onCreate
    6:9:void onCreate(android.os.Bundle):0 -> onCreate
    10:15:androidx.activity.SystemBarStyle androidx.activity.SystemBarStyle$Companion.auto(int,int,kotlin.jvm.functions.Function1):0:0 -> onCreate
    10:15:androidx.activity.SystemBarStyle androidx.activity.SystemBarStyle$Companion.auto$default(androidx.activity.SystemBarStyle$Companion,int,int,kotlin.jvm.functions.Function1,int,java.lang.Object):0 -> onCreate
    10:15:void androidx.activity.EdgeToEdge.enable$default(androidx.activity.ComponentActivity,androidx.activity.SystemBarStyle,androidx.activity.SystemBarStyle,int,java.lang.Object):0 -> onCreate
    10:15:void onCreate(android.os.Bundle):0 -> onCreate
    16:19:void androidx.activity.EdgeToEdge.enable$default(androidx.activity.ComponentActivity,androidx.activity.SystemBarStyle,androidx.activity.SystemBarStyle,int,java.lang.Object):0:0 -> onCreate
    16:19:void onCreate(android.os.Bundle):0 -> onCreate
    20:24:androidx.activity.SystemBarStyle androidx.activity.SystemBarStyle$Companion.auto(int,int,kotlin.jvm.functions.Function1):0:0 -> onCreate
...
androidx.core.graphics.TypefaceCompatApi28Impl -> q1.g:
# {"id":"sourceFile","fileName":"TypefaceCompatApi28Impl.java"}
    1:1:android.graphics.Typeface createFromFamiliesWithDefault(java.lang.Object):0:0 -> m
    1:1:java.lang.reflect.Method obtainCreateFromFamiliesWithDefaultMethod(java.lang.Class):0:0 -> s
androidx.core.graphics.TypefaceCompatApi29Impl -> q1.h:
# {"id":"sourceFile","fileName":"TypefaceCompatApi29Impl.java"}
    13:16:android.net.Uri androidx.core.provider.FontsContractCompat$FontInfo.getUri():0:0 -> d
    13:16:android.graphics.Typeface createFromFontInfo(android.content.Context,android.os.CancellationSignal,androidx.core.provider.FontsContractCompat$FontInfo[],int):0 -> d
      # {"id":"com.android.tools.r8.rewriteFrame","conditions":["throws(Ljava/lang/NullPointerException;)"],"actions":["removeInnerFrames(1)"]}
      # {"id":"com.android.tools.r8.residualsignature","signature":"(Landroid/content/Context;[Lt1/f;I)Landroid/graphics/Typeface;"}
    17:33:android.graphics.Typeface createFromFontInfo(android.content.Context,android.os.CancellationSignal,androidx.core.provider.FontsContractCompat$FontInfo[],int):0:0 -> d
    34:35:int androidx.core.provider.FontsContractCompat$FontInfo.getWeight():0:0 -> d
    34:35:android.graphics.Typeface createFromFontInfo(android.content.Context,android.os.CancellationSignal,androidx.core.provider.FontsContractCompat$FontInfo[],int):0 -> d
    36:39:android.graphics.Typeface createFromFontInfo(android.content.Context,android.os.CancellationSignal,androidx.core.provider.FontsContractCompat$FontInfo[],int):0:0 -> d
    40:41:boolean androidx.core.provider.FontsContractCompat$FontInfo.isItalic():0:0 -> d
androidx.core.graphics.TypefaceCompatBaseImpl -> R8$$REMOVED$$CLASS$$500:
# {"id":"sourceFile","fileName":"TypefaceCompatBaseImpl.java"}
androidx.core.graphics.TypefaceCompatBaseImpl$2 -> R8$$REMOVED$$CLASS$$499:
# {"id":"sourceFile","fileName":"TypefaceCompatBaseImpl.java"}
androidx.core.graphics.TypefaceCompatUtil -> R8$$REMOVED$$CLASS$$501:
# {"id":"sourceFile","fileName":"TypefaceCompatUtil.java"}
androidx.core.graphics.TypefaceCompatUtil$Api19Impl -> q1.i:
# {"id":"sourceFile","fileName":"TypefaceCompatUtil.java"}
    1:1:android.os.ParcelFileDescriptor openFileDescriptor(android.content.ContentResolver,android.net.Uri,java.lang.String,android.os.CancellationSignal):0:0 -> a
androidx.core.graphics.drawable.IconCompat -> androidx.core.graphics.drawable.IconCompat:
# {"id":"sourceFile","fileName":"IconCompat.java"}
    int mType -> a
    java.lang.Object mObj1 -> b
    byte[] mData -> c
    android.os.Parcelable mParcelable -> d
    int mInt1 -> e
    int mInt2 -> f
    android.content.res.ColorStateList mTintList -> g
    android.graphics.PorterDuff$Mode mTintMode -> h
    java.lang.String mTintModeStr -> i
    java.lang.String mString1 -> j
    android.graphics.PorterDuff$Mode DEFAULT_TINT_MODE -> k
    45:127:java.lang.String toString():0:0 -> toString
    128:172:int androidx.core.graphics.drawable.IconCompat$Api23Impl.getResId(java.lang.Object):0:0 -> toString
    128:172:int getResId():0 -> toString
    128:172:java.lang.String toString():0 -> toString
    173:188:java.lang.String toString():0:0 -> toString
    189:210:int getResId():0:0 -> toString
    189:210:java.lang.String toString():0 -> toString
    211:280:java.lang.String toString():0:0 -> toString
androidx.core.graphics.drawable.IconCompat$Api23Impl -> R8$$REMOVED$$CLASS$$502:
# {"id":"sourceFile","fileName":"IconCompat.java"}
androidx.core.graphics.drawable.IconCompat$Api28Impl -> r1.a:
# {"id":"sourceFile","fileName":"IconCompat.java"}
    1:1:int getResId(java.lang.Object):0:0 -> a
    1:1:java.lang.String getResPackage(java.lang.Object):0:0 -> b
    1:1:int getType(java.lang.Object):0:0 -> c
    1:1:android.net.Uri getUri(java.lang.Object):0:0 -> d