games/android-game-2026-03-20/app/build/outputs/mapping/release/usage.txt
com.neonbreaker.game.MainActivity:
    public static final int $stable
com.neonbreaker.game.R$color
com.neonbreaker.game.R$drawable
com.neonbreaker.game.R$mipmap
com.neonbreaker.game.R$string
com.neonbreaker.game.R$style
com.neonbreaker.game.R
com.neonbreaker.game.game.Ball:
    public static final int $stable
    public final float component1()
    public final float component2()
    public final float component3()
    public final float component4()
    public final float component5()
    public final boolean component6()
com.neonbreaker.game.game.Brick:
    public static final int $stable
    public synthetic void <init>(int,int,com.neonbreaker.game.game.BrickType,int,float,float,float,float,int,kotlin.jvm.internal.DefaultConstructorMarker)
    public final int component1()
    public final int component2()
    public final com.neonbreaker.game.game.BrickType component3()
    public final int component4()
    public final float component5()
    public final float component6()
    public final float component7()
    public final float component8()
    public final int getCol()
    public final int getRow()
com.neonbreaker.game.game.BrickType:
    public static kotlin.enums.EnumEntries getEntries()
com.neonbreaker.game.game.GameEngine$CollisionResult:
    public final com.neonbreaker.game.game.Ball component1()
    public final com.neonbreaker.game.game.GameState component2()
    public final com.neonbreaker.game.game.GameEngine$CollisionResult copy(com.neonbreaker.game.game.Ball,com.neonbreaker.game.game.GameState)
    public static synthetic com.neonbreaker.game.game.GameEngine$CollisionResult copy$default(com.neonbreaker.game.game.GameEngine$CollisionResult,com.neonbreaker.game.game.Ball,com.neonbreaker.game.game.GameState,int,java.lang.Object)
com.neonbreaker.game.game.GameEngine:
    public static final int $stable
    private static final float BALL_SPEED_BASE
    private static final float BALL_SPEED_MAX
    private static final float COMBO_WINDOW
    private static final float PADDLE_Y_OFFSET
    private static final float POWERUP_DROP_CHANCE
    private static final float TOP_HUD
com.neonbreaker.game.game.GamePhase:
    public static kotlin.enums.EnumEntries getEntries()
com.neonbreaker.game.game.GameRenderer:
    public static final int $stable
com.neonbreaker.game.game.GameScreenKt:
    private static final boolean MenuScreen$lambda$12(androidx.compose.runtime.MutableState)
    private static final void MenuScreen$lambda$13(androidx.compose.runtime.MutableState,boolean)
com.neonbreaker.game.game.GameState:
    public void <init>()
    public final com.neonbreaker.game.game.GamePhase component1()
    public final java.util.List component10()
    public final com.neonbreaker.game.game.Paddle component11()
    public final java.util.List component12()
    public final java.util.List component13()
    public final com.neonbreaker.game.game.ScreenShake component14()
    public final long component15()
    public final long component16()
    public final long component17()
    public final float component18()
    public final float component19()
    public final int component2()
    public final float component20()
    public final int component21()
    public final int component3()
    public final int component4()
    public final int component5()
    public final int component6()
    public final int component7()
    public final float component8()
    public final java.util.List component9()
    public final int getTotalBricksThisLevel()
com.neonbreaker.game.game.Paddle:
    public static final int $stable
    public final float component1()
    public final float component2()
    public final float component3()
    public final float component4()
...
androidx.compose.foundation.text.selection.SimpleLayoutKt$SimpleLayout$1
androidx.compose.foundation.text.selection.SimpleLayoutKt$SimpleLayout$2
androidx.compose.foundation.text.selection.SimpleLayoutKt
androidx.compose.foundation.text.selection.SingleSelectionLayout$Companion
androidx.compose.foundation.text.selection.SingleSelectionLayout
androidx.compose.foundation.text.selection.TextFieldPreparedSelection
androidx.compose.foundation.text.selection.TextFieldSelectionManager$cursorDragObserver$1
androidx.compose.foundation.text.selection.TextFieldSelectionManager$handleDragObserver$1
androidx.compose.foundation.text.selection.TextFieldSelectionManager$mouseSelectionObserver$1
androidx.compose.foundation.text.selection.TextFieldSelectionManager$onValueChange$1
androidx.compose.foundation.text.selection.TextFieldSelectionManager$showSelectionToolbar$copy$1
androidx.compose.foundation.text.selection.TextFieldSelectionManager$showSelectionToolbar$cut$1
androidx.compose.foundation.text.selection.TextFieldSelectionManager$showSelectionToolbar$paste$1
androidx.compose.foundation.text.selection.TextFieldSelectionManager$showSelectionToolbar$selectAll$1
androidx.compose.foundation.text.selection.TextFieldSelectionManager$touchSelectionObserver$1
androidx.compose.foundation.text.selection.TextFieldSelectionManager
androidx.compose.foundation.text.selection.TextFieldSelectionManagerKt$TextFieldSelectionHandle$1
androidx.compose.foundation.text.selection.TextFieldSelectionManagerKt$TextFieldSelectionHandle$2
androidx.compose.foundation.text.selection.TextFieldSelectionManagerKt$TextFieldSelectionHandle$3
androidx.compose.foundation.text.selection.TextFieldSelectionManagerKt$WhenMappings
androidx.compose.foundation.text.selection.TextFieldSelectionManagerKt
androidx.compose.foundation.text.selection.TextFieldSelectionManager_androidKt$textFieldMagnifier$1$1
androidx.compose.foundation.text.selection.TextFieldSelectionManager_androidKt$textFieldMagnifier$1$2$1$1
androidx.compose.foundation.text.selection.TextFieldSelectionManager_androidKt$textFieldMagnifier$1$2$1$2
androidx.compose.foundation.text.selection.TextFieldSelectionManager_androidKt$textFieldMagnifier$1$2$1
androidx.compose.foundation.text.selection.TextFieldSelectionManager_androidKt$textFieldMagnifier$1
androidx.compose.foundation.text.selection.TextFieldSelectionManager_androidKt:
    public static final androidx.compose.ui.Modifier textFieldMagnifier(androidx.compose.ui.Modifier,androidx.compose.foundation.text.selection.TextFieldSelectionManager)
androidx.compose.foundation.text.selection.TextPreparedSelection
androidx.compose.foundation.text.selection.TextPreparedSelectionState
androidx.compose.foundation.text.selection.TextSelectionColors:
    public static final int $stable
    public final long getHandleColor-0d7_KjU()
androidx.compose.foundation.text.selection.TextSelectionColorsKt:
    private static synthetic void getDefaultTextSelectionColors$annotations()
androidx.compose.foundation.text.selection.TextSelectionDelegateKt
androidx.compose.foundation.text2.BasicSecureTextFieldKt$BasicSecureTextField$1$1
androidx.compose.foundation.text2.BasicSecureTextFieldKt$BasicSecureTextField$2
androidx.compose.foundation.text2.BasicSecureTextFieldKt$BasicSecureTextField$3$1$1
androidx.compose.foundation.text2.BasicSecureTextFieldKt$BasicSecureTextField$3
androidx.compose.foundation.text2.BasicSecureTextFieldKt$BasicSecureTextField$4
androidx.compose.foundation.text2.BasicSecureTextFieldKt$BasicSecureTextField$secureTextFieldModifier$1$1
androidx.compose.foundation.text2.BasicSecureTextFieldKt$BasicSecureTextField$secureTextFieldModifier$1$2
androidx.compose.foundation.text2.BasicSecureTextFieldKt$BasicSecureTextField$secureTextFieldModifier$1
androidx.compose.foundation.text2.BasicSecureTextFieldKt$DisableCutCopy$1$1
androidx.compose.foundation.text2.BasicSecureTextFieldKt$DisableCutCopy$1
androidx.compose.foundation.text2.BasicSecureTextFieldKt$DisableCutCopy$2